<?xml version="1.0" encoding="UTF-8"?>
<!-- Generated by org.testng.reporters.JUnitReportReporter -->
<testsuite hostname="TYSS-Apoorva" failures="0" tests="1" name="workingWithPom.Tc_Reg_001" time="7.854" errors="0" timestamp="2024-02-06T20:18:27 IST" skipped="0">
  <testcase classname="workingWithPom.Tc_Reg_001" name="register" time="7.854"/>
  <system-out/>
</testsuite> <!-- workingWithPom.Tc_Reg_001 -->
