<?xml version="1.0" encoding="UTF-8"?>
<!-- Generated by org.testng.reporters.JUnitReportReporter -->
<testsuite hostname="TYSS-Apoorva" failures="0" tests="7" name="workingWithUnitTestngTool.Data" time="36.547" errors="0" timestamp="2024-01-31T17:36:34 IST" skipped="0">
  <testcase classname="workingWithUnitTestngTool.Data" name="registerUser" time="5.118"/>
  <system-out/>
  <testcase classname="workingWithUnitTestngTool.Data" name="registerUser" time="5.089"/>
  <system-out/>
  <testcase classname="workingWithUnitTestngTool.Data" name="registerUser" time="4.920"/>
  <system-out/>
  <testcase classname="workingWithUnitTestngTool.Data" name="registerUser" time="5.286"/>
  <system-out/>
  <testcase classname="workingWithUnitTestngTool.Data" name="registerUser" time="4.924"/>
  <system-out/>
  <testcase classname="workingWithUnitTestngTool.Data" name="registerUser" time="5.050"/>
  <system-out/>
  <testcase classname="workingWithUnitTestngTool.Data" name="registerUser" time="6.160"/>
  <system-out/>
</testsuite> <!-- workingWithUnitTestngTool.Data -->
