<?xml version="1.0" encoding="UTF-8"?>
<!-- Generated by org.testng.reporters.JUnitReportReporter -->
<testsuite hostname="TYSS-Apoorva" failures="0" tests="1" name="genricLibrary.ToReadSingleDataFromExcel" time="7.911" errors="0" timestamp="2024-02-08T19:33:45 IST" skipped="0">
  <testcase classname="genricLibrary.ToReadSingleDataFromExcel" name="login" time="7.911"/>
  <system-out/>
</testsuite> <!-- genricLibrary.ToReadSingleDataFromExcel -->
