<?xml version="1.0" encoding="UTF-8"?>
<!-- Generated by org.testng.reporters.JUnitReportReporter -->
<testsuite hostname="TYSS-Apoorva" failures="0" tests="1" name="workingWithPom.Tc_BasePage_002" time="21.632" errors="0" timestamp="2024-02-07T19:41:32 IST" skipped="0">
  <testcase classname="workingWithPom.Tc_BasePage_002" name="basePage" time="21.632"/>
  <system-out/>
</testsuite> <!-- workingWithPom.Tc_BasePage_002 -->
