<?xml version="1.0" encoding="UTF-8"?>
<!-- Generated by org.testng.reporters.JUnitReportReporter -->
<testsuite hostname="TYSS-Apoorva" failures="0" tests="7" name="workingWithUnitTestngTool.ReadTheDataFromXlByUsingDataProvider" time="58.082" errors="0" timestamp="2024-01-31T19:47:56 IST" skipped="0">
  <testcase classname="workingWithUnitTestngTool.ReadTheDataFromXlByUsingDataProvider" name="registerUser" time="11.170"/>
  <system-out/>
  <testcase classname="workingWithUnitTestngTool.ReadTheDataFromXlByUsingDataProvider" name="registerUser" time="7.664"/>
  <system-out/>
  <testcase classname="workingWithUnitTestngTool.ReadTheDataFromXlByUsingDataProvider" name="registerUser" time="7.639"/>
  <system-out/>
  <testcase classname="workingWithUnitTestngTool.ReadTheDataFromXlByUsingDataProvider" name="registerUser" time="7.973"/>
  <system-out/>
  <testcase classname="workingWithUnitTestngTool.ReadTheDataFromXlByUsingDataProvider" name="registerUser" time="8.010"/>
  <system-out/>
  <testcase classname="workingWithUnitTestngTool.ReadTheDataFromXlByUsingDataProvider" name="registerUser" time="8.143"/>
  <system-out/>
  <testcase classname="workingWithUnitTestngTool.ReadTheDataFromXlByUsingDataProvider" name="registerUser" time="7.483"/>
  <system-out/>
</testsuite> <!-- workingWithUnitTestngTool.ReadTheDataFromXlByUsingDataProvider -->
