<?xml version="1.0" encoding="UTF-8"?>
<!-- Generated by org.testng.reporters.JUnitReportReporter -->
<testsuite hostname="TYSS-Apoorva" failures="0" tests="1" name="testNgProject.DemoLogin" time="32.808" errors="0" timestamp="2024-02-03T18:38:05 IST" skipped="0">
  <testcase classname="testNgProject.DemoLogin" name="login" time="32.808"/>
  <system-out/>
</testsuite> <!-- testNgProject.DemoLogin -->
