<?xml version="1.0" encoding="UTF-8"?>
<!-- Generated by org.testng.reporters.JUnitReportReporter -->
<testsuite hostname="TYSS-Apoorva" failures="0" tests="1" name="workingWithUnitTestngTool.Group" time="14.099" errors="0" timestamp="2024-02-01T19:19:47 IST" skipped="0">
  <testcase classname="workingWithUnitTestngTool.Group" name="movie" time="14.099"/>
  <system-out/>
</testsuite> <!-- workingWithUnitTestngTool.Group -->
