<?xml version="1.0" encoding="UTF-8"?>
<!-- Generated by org.testng.reporters.JUnitReportReporter -->
<testsuite hostname="TYSS-Apoorva" failures="0" tests="4" name="workingWithUnitTestngTool.Basic" time="0.077" errors="0" timestamp="2024-01-23T19:22:22 IST" skipped="0">
  <testcase classname="workingWithUnitTestngTool.Basic" name="cart" time="0.047">
    <system-out>
      <![CDATA[user is able to add prod]]>
    </system-out>
  </testcase> <!-- cart -->
  <testcase classname="workingWithUnitTestngTool.Basic" name="demo" time="0.014">
    <system-out>
      <![CDATA[hello testNg]]>
    </system-out>
  </testcase> <!-- demo -->
  <testcase classname="workingWithUnitTestngTool.Basic" name="login" time="0.006">
    <system-out>
      <![CDATA[user is able to login]]>
    </system-out>
  </testcase> <!-- login -->
  <testcase classname="workingWithUnitTestngTool.Basic" name="register" time="0.010">
    <system-out>
      <![CDATA[user is able to register]]>
    </system-out>
  </testcase> <!-- register -->
  <system-out>
    <![CDATA[user is able to add prod
hello testNg
user is able to login
user is able to register]]>
  </system-out>
</testsuite> <!-- workingWithUnitTestngTool.Basic -->
