<?xml version="1.0" encoding="UTF-8"?>
<!-- Generated by org.testng.reporters.JUnitReportReporter -->
<testsuite hostname="TYSS-Apoorva" failures="0" tests="6" name="ToReadDataFRomExternalSheet.WorkingWithPriority" time="0.143" errors="0" timestamp="2024-01-23T20:01:58 IST" skipped="0">
  <testcase classname="ToReadDataFRomExternalSheet.WorkingWithPriority" name="logout" time="0.016"/>
  <testcase classname="ToReadDataFRomExternalSheet.WorkingWithPriority" name="register" time="0.028"/>
  <testcase classname="ToReadDataFRomExternalSheet.WorkingWithPriority" name="login" time="0.035"/>
  <testcase classname="ToReadDataFRomExternalSheet.WorkingWithPriority" name="search" time="0.002"/>
  <testcase classname="ToReadDataFRomExternalSheet.WorkingWithPriority" name="wishlist" time="0.048"/>
  <testcase classname="ToReadDataFRomExternalSheet.WorkingWithPriority" name="cart" time="0.014"/>
</testsuite> <!-- ToReadDataFRomExternalSheet.WorkingWithPriority -->
