<?xml version="1.0" encoding="UTF-8"?>
<!-- Generated by org.testng.reporters.JUnitReportReporter -->
<testsuite hostname="TYSS-Apoorva" failures="0" tests="1" name="testNgProject.ToReadPropFile" time="5.717" errors="0" timestamp="2024-02-07T15:02:54 IST" skipped="0">
  <testcase classname="testNgProject.ToReadPropFile" name="lunchDemoweb" time="5.717"/>
  <system-out/>
</testsuite> <!-- testNgProject.ToReadPropFile -->
