<?xml version="1.0" encoding="UTF-8"?>
<!-- Generated by org.testng.reporters.JUnitReportReporter -->
<testsuite hostname="TYSS-Apoorva" failures="0" tests="1" name="workingWithUnitTestngTool.Groups" time="26.056" errors="0" timestamp="2024-01-31T18:39:17 IST" skipped="0">
  <testcase classname="workingWithUnitTestngTool.Groups" name="film" time="26.056"/>
  <system-out/>
</testsuite> <!-- workingWithUnitTestngTool.Groups -->
