<?xml version="1.0" encoding="UTF-8"?>
<!-- Generated by org.testng.reporters.JUnitReportReporter -->
<testsuite hostname="TYSS-Apoorva" failures="0" tests="5" name="workingWithUnitTestngTool.WorkingWithDependensMethods" time="0.077" errors="0" timestamp="2024-01-25T01:30:52 IST" skipped="0">
  <testcase classname="workingWithUnitTestngTool.WorkingWithDependensMethods" name="cart" time="0.019"/>
  <testcase classname="workingWithUnitTestngTool.WorkingWithDependensMethods" name="search" time="0.005"/>
  <testcase classname="workingWithUnitTestngTool.WorkingWithDependensMethods" name="logout" time="0.013"/>
  <testcase classname="workingWithUnitTestngTool.WorkingWithDependensMethods" name="login" time="0.003"/>
  <testcase classname="workingWithUnitTestngTool.WorkingWithDependensMethods" name="register" time="0.037"/>
</testsuite> <!-- workingWithUnitTestngTool.WorkingWithDependensMethods -->
