<?xml version="1.0" encoding="UTF-8"?>
<!-- Generated by org.testng.reporters.JUnitReportReporter -->
<testsuite hostname="TYSS-Apoorva" failures="0" tests="3" name="workingWithUnitTestngTool.WorkingWithDependesOnGroups$Cabs" time="31.865" errors="0" timestamp="2024-01-31T18:39:17 IST" skipped="0">
  <testcase classname="workingWithUnitTestngTool.WorkingWithDependesOnGroups$Cabs" name="launchOla" time="4.012"/>
  <system-out/>
  <testcase classname="workingWithUnitTestngTool.WorkingWithDependesOnGroups$Cabs" name="launchRapido" time="15.073"/>
  <system-out/>
  <testcase classname="workingWithUnitTestngTool.WorkingWithDependesOnGroups$Cabs" name="launchUber" time="12.780"/>
  <system-out/>
</testsuite> <!-- workingWithUnitTestngTool.WorkingWithDependesOnGroups$Cabs -->
