<?xml version="1.0" encoding="UTF-8"?>
<!-- Generated by org.testng.reporters.JUnitReportReporter -->
<testsuite hostname="TYSS-Apoorva" failures="0" tests="1" name="workingWithElementRepo.ToregisterForDemoWebShop" time="6.630" errors="0" timestamp="2024-02-06T16:31:28 IST" skipped="0">
  <testcase classname="workingWithElementRepo.ToregisterForDemoWebShop" name="run" time="6.630"/>
  <system-out/>
</testsuite> <!-- workingWithElementRepo.ToregisterForDemoWebShop -->
