<?xml version="1.0" encoding="UTF-8"?>
<!-- Generated by org.testng.reporters.JUnitReportReporter -->
<testsuite hostname="TYSS-Apoorva" failures="0" tests="2" name="workingWithUnitTestngTool.DataProviderDemoWebshop" time="47.126" errors="0" timestamp="2024-01-30T20:53:47 IST" skipped="0">
  <testcase classname="workingWithUnitTestngTool.DataProviderDemoWebshop" name="actiTime" time="22.441"/>
  <testcase classname="workingWithUnitTestngTool.DataProviderDemoWebshop" name="actiTime" time="24.685"/>
</testsuite> <!-- workingWithUnitTestngTool.DataProviderDemoWebshop -->
