<?xml version="1.0" encoding="UTF-8"?>
<!-- Generated by org.testng.reporters.JUnitReportReporter -->
<testsuite hostname="TYSS-Apoorva" failures="0" tests="1" name="methods.ToReadDataFromProFile" time="7.443" errors="0" timestamp="2024-02-07T20:42:39 IST" skipped="0">
  <testcase classname="methods.ToReadDataFromProFile" name="lunchBrowser" time="7.443"/>
  <system-out/>
</testsuite> <!-- methods.ToReadDataFromProFile -->
