<?xml version="1.0" encoding="UTF-8"?>
<!-- Generated by org.testng.reporters.JUnitReportReporter -->
<testsuite hostname="TYSS-Apoorva" failures="0" tests="1" name="testNgProject.map2" time="345.150" errors="0" timestamp="2024-02-09T18:37:02 IST" skipped="0">
  <testcase classname="testNgProject.map2" name="Map" time="345.150"/>
  <system-out/>
</testsuite> <!-- testNgProject.map2 -->
