<?xml version="1.0" encoding="UTF-8"?>
<!-- Generated by org.testng.reporters.JUnitReportReporter -->
<testsuite hostname="TYSS-Apoorva" failures="0" tests="3" name="genricLibrary.ToReadMultipleDataFromExcel" time="16.763" errors="0" timestamp="2024-02-08T20:31:51 IST" skipped="0">
  <testcase classname="genricLibrary.ToReadMultipleDataFromExcel" name="login" time="5.142"/>
  <system-out/>
  <testcase classname="genricLibrary.ToReadMultipleDataFromExcel" name="login" time="5.450"/>
  <system-out/>
  <testcase classname="genricLibrary.ToReadMultipleDataFromExcel" name="login" time="6.171"/>
  <system-out/>
</testsuite> <!-- genricLibrary.ToReadMultipleDataFromExcel -->
