<?xml version="1.0" encoding="UTF-8"?>
<!-- Generated by org.testng.reporters.JUnitReportReporter -->
<testsuite hostname="TYSS-Apoorva" failures="0" tests="1" name="workingWithUnitTestngTool.WorkinWithThreadPoolSize" time="11.455" errors="0" timestamp="2024-01-23T20:50:13 IST" skipped="0">
  <testcase classname="workingWithUnitTestngTool.WorkinWithThreadPoolSize" name="toLunchDemoWebShop" time="11.455"/>
</testsuite> <!-- workingWithUnitTestngTool.WorkinWithThreadPoolSize -->
