<?xml version="1.0" encoding="UTF-8"?>
<!-- Generated by org.testng.reporters.JUnitReportReporter -->
<testsuite hostname="TYSS-Apoorva" failures="0" tests="1" name="testNgProject.Tc_Demo_004" time="0.599" errors="0" timestamp="2024-01-29T20:27:03 IST" skipped="0">
  <testcase classname="testNgProject.Tc_Demo_004" name="ValidateThatUserIsAbleToRegister" time="0.599"/>
  <system-out>
    <![CDATA[Data base connection started
Extent Report formation start
User is able to open empty browser
User is able to maximize the browser
User is able to open DemoWebShop
User is able to quit the demowebshop
DataBase connection is stoped
Extent Report formation end]]>
  </system-out>
</testsuite> <!-- testNgProject.Tc_Demo_004 -->
