<?xml version="1.0" encoding="UTF-8"?>
<!-- Generated by org.testng.reporters.JUnitReportReporter -->
<testsuite hostname="TYSS-Apoorva" failures="0" tests="1" name="testScript.To_lunch_Samsung" time="14.676" errors="0" timestamp="2024-01-31T16:17:52 IST" skipped="0">
  <testcase classname="testScript.To_lunch_Samsung" name="samsung" time="14.676"/>
  <system-out/>
</testsuite> <!-- testScript.To_lunch_Samsung -->
