<?xml version="1.0" encoding="UTF-8"?>
<!-- Generated by org.testng.reporters.JUnitReportReporter -->
<testsuite hostname="TYSS-Apoorva" failures="0" tests="3" name="workingWithUnitTestngTool.ToUnderStandChrologicalOfAnnotation" time="0.101" errors="0" timestamp="2024-01-27T18:56:47 IST" skipped="0">
  <testcase classname="workingWithUnitTestngTool.ToUnderStandChrologicalOfAnnotation" name="fail" time="0.059"/>
  <testcase classname="workingWithUnitTestngTool.ToUnderStandChrologicalOfAnnotation" name="test" time="0.027"/>
  <testcase classname="workingWithUnitTestngTool.ToUnderStandChrologicalOfAnnotation" name="run" time="0.015"/>
</testsuite> <!-- workingWithUnitTestngTool.ToUnderStandChrologicalOfAnnotation -->
