<?xml version="1.0" encoding="UTF-8"?>
<!-- Generated by org.testng.reporters.JUnitReportReporter -->
<testsuite hostname="TYSS-Apoorva" failures="0" tests="1" name="testNgProject.Tc_Demo_002" time="9.496" errors="0" timestamp="2024-02-06T14:56:43 IST" skipped="0">
  <testcase classname="testNgProject.Tc_Demo_002" name="validateThatUserIsAbleToClickOnShoppingCart" time="9.496"/>
  <system-out/>
</testsuite> <!-- testNgProject.Tc_Demo_002 -->
