<?xml version="1.0" encoding="UTF-8"?>
<!-- Generated by org.testng.reporters.JUnitReportReporter -->
<testsuite hostname="TYSS-Apoorva" failures="0" tests="1" name="testNgProject.ToReadDataFromSingleData" time="5.256" errors="0" timestamp="2024-02-07T15:05:18 IST" skipped="0">
  <testcase classname="testNgProject.ToReadDataFromSingleData" name="login" time="5.256"/>
  <system-out/>
</testsuite> <!-- testNgProject.ToReadDataFromSingleData -->
