<?xml version="1.0" encoding="UTF-8"?>
<!-- Generated by org.testng.reporters.JUnitReportReporter -->
<testsuite hostname="TYSS-Apoorva" failures="0" tests="1" name="testNgProject.ToReadDataFromRow" time="5.529" errors="0" timestamp="2024-02-07T15:08:02 IST" skipped="0">
  <testcase classname="testNgProject.ToReadDataFromRow" name="login" time="5.529"/>
  <system-out/>
</testsuite> <!-- testNgProject.ToReadDataFromRow -->
