<?xml version="1.0" encoding="UTF-8"?>
<!-- Generated by org.testng.reporters.JUnitReportReporter -->
<testsuite hostname="TYSS-Apoorva" failures="0" tests="2" name="testNgProject.Tc_Demo_001" time="24.943" errors="0" timestamp="2024-01-29T19:23:39 IST" skipped="0">
  <testcase classname="testNgProject.Tc_Demo_001" name="validateThatUserIsAbleToClickOnShoppingCart" time="12.397">
    <system-out>
      <![CDATA[User is able to click on Shopping cart]]>
    </system-out>
  </testcase> <!-- validateThatUserIsAbleToClickOnShoppingCart -->
  <testcase classname="testNgProject.Tc_Demo_001" name="validateThatUserIsAbleToClickOnWishlist" time="12.546">
    <system-out>
      <![CDATA[User is able to click on wishList link]]>
    </system-out>
  </testcase> <!-- validateThatUserIsAbleToClickOnWishlist -->
  <system-out>
    <![CDATA[Data base connection started
Extent Report formation start
User is able to open empty browser
User is able to maximize the browser
User is able to open DemoWebShop
User is able to login for demowebshop
User is able to click on Shopping cart
User is able to logout from demowebshop
User is able to login for demowebshop
User is able to click on wishList link
User is able to logout from demowebshop
User is able to quit the demowebshop
DataBase connection is stoped
Extent Report formation end]]>
  </system-out>
</testsuite> <!-- testNgProject.Tc_Demo_001 -->
