<?xml version="1.0" encoding="UTF-8"?>
<!-- Generated by org.testng.reporters.JUnitReportReporter -->
<testsuite hostname="TYSS-Apoorva" failures="0" tests="3" name="testNgProject.ToReadMultipleData" time="11.797" errors="0" timestamp="2024-02-07T15:14:23 IST" skipped="0">
  <testcase classname="testNgProject.ToReadMultipleData" name="login" time="4.433"/>
  <system-out/>
  <testcase classname="testNgProject.ToReadMultipleData" name="login" time="3.652"/>
  <system-out/>
  <testcase classname="testNgProject.ToReadMultipleData" name="login" time="3.712"/>
  <system-out/>
</testsuite> <!-- testNgProject.ToReadMultipleData -->
