<?xml version="1.0" encoding="UTF-8"?>
<!-- Generated by org.testng.reporters.JUnitReportReporter -->
<testsuite hostname="TYSS-Apoorva" failures="0" tests="1" name="workingWithUnitTestngTool.Run" time="8.373" errors="0" timestamp="2024-02-01T18:46:36 IST" skipped="0">
  <testcase classname="workingWithUnitTestngTool.Run" name="browser" time="8.373"/>
  <system-out/>
</testsuite> <!-- workingWithUnitTestngTool.Run -->
