<?xml version="1.0" encoding="UTF-8"?>
<!-- Generated by org.testng.reporters.JUnitReportReporter -->
<testsuite hostname="TYSS-Apoorva" failures="0" tests="2" name="workingWithUnitTestngTool.WorkingWithDataProvider1" time="0.067" errors="0" timestamp="2024-01-30T20:36:33 IST" skipped="0">
  <testcase classname="workingWithUnitTestngTool.WorkingWithDataProvider1" name="dataDemo" time="0.041"/>
  <testcase classname="workingWithUnitTestngTool.WorkingWithDataProvider1" name="dataDemo" time="0.026"/>
</testsuite> <!-- workingWithUnitTestngTool.WorkingWithDataProvider1 -->
