<?xml version="1.0" encoding="UTF-8"?>
<!-- Generated by org.testng.reporters.JUnitReportReporter -->
<testsuite hostname="TYSS-Apoorva" failures="0" tests="1" name="workingWithUnitTestngTool.CrossBrowserTestingOptional" time="8.962" errors="0" timestamp="2024-02-05T20:18:28 IST" skipped="0">
  <testcase classname="workingWithUnitTestngTool.CrossBrowserTestingOptional" name="browser" time="8.962"/>
  <system-out/>
</testsuite> <!-- workingWithUnitTestngTool.CrossBrowserTestingOptional -->
