<?xml version="1.0" encoding="UTF-8"?>
<!-- Generated by org.testng.reporters.JUnitReportReporter -->
<testsuite hostname="TYSS-Apoorva" failures="0" tests="1" name="testNgProject.Map" time="12.196" errors="0" timestamp="2024-02-09T18:06:14 IST" skipped="0">
  <testcase classname="testNgProject.Map" name="Map" time="12.196"/>
  <system-out/>
</testsuite> <!-- testNgProject.Map -->
