<?xml version="1.0" encoding="UTF-8"?>
<!-- Generated by org.testng.reporters.JUnitReportReporter -->
<testsuite hostname="TYSS-Apoorva" failures="0" tests="3" name="workingWithUnitTestngTool.WorkinWithDependensOnGroup" time="30.929" errors="0" timestamp="2024-02-01T19:19:47 IST" skipped="0">
  <testcase classname="workingWithUnitTestngTool.WorkinWithDependensOnGroup" name="uber" time="11.514"/>
  <system-out/>
  <testcase classname="workingWithUnitTestngTool.WorkinWithDependensOnGroup" name="rapido" time="13.547"/>
  <system-out/>
  <testcase classname="workingWithUnitTestngTool.WorkinWithDependensOnGroup" name="ola" time="5.868"/>
  <system-out/>
</testsuite> <!-- workingWithUnitTestngTool.WorkinWithDependensOnGroup -->
