<?xml version="1.0" encoding="UTF-8"?>
<!-- Generated by org.testng.reporters.JUnitReportReporter -->
<testsuite hostname="TYSS-Apoorva" failures="0" tests="6" name="ToReadDataFRomExternalSheet.OrderOfExeTest" time="0.101" errors="0" timestamp="2024-01-23T19:45:19 IST" skipped="0">
  <testcase classname="ToReadDataFRomExternalSheet.OrderOfExeTest" name="logout" time="0.014"/>
  <testcase classname="ToReadDataFRomExternalSheet.OrderOfExeTest" name="wishlist" time="0.016"/>
  <testcase classname="ToReadDataFRomExternalSheet.OrderOfExeTest" name="search" time="0.019"/>
  <testcase classname="ToReadDataFRomExternalSheet.OrderOfExeTest" name="register" time="0.013"/>
  <testcase classname="ToReadDataFRomExternalSheet.OrderOfExeTest" name="login" time="0.034"/>
  <testcase classname="ToReadDataFRomExternalSheet.OrderOfExeTest" name="cart" time="0.005"/>
</testsuite> <!-- ToReadDataFRomExternalSheet.OrderOfExeTest -->
