<?xml version="1.0" encoding="UTF-8"?>
<!-- Generated by org.testng.reporters.JUnitReportReporter -->
<testsuite hostname="TYSS-Apoorva" failures="0" tests="1" name="genricLibrary.ToREadDatafromRow" time="6.221" errors="0" timestamp="2024-02-08T20:00:58 IST" skipped="0">
  <testcase classname="genricLibrary.ToREadDatafromRow" name="login" time="6.221"/>
  <system-out/>
</testsuite> <!-- genricLibrary.ToREadDatafromRow -->
