<?xml version="1.0" encoding="UTF-8"?>
<!-- Generated by org.testng.reporters.JUnitReportReporter -->
<testsuite hostname="TYSS-Apoorva" failures="0" tests="1" name="workingWithPom.p2" time="16.773" errors="0" timestamp="2024-02-07T20:10:48 IST" skipped="0">
  <testcase classname="workingWithPom.p2" name="testCase1" time="16.773"/>
  <system-out/>
</testsuite> <!-- workingWithPom.p2 -->
